# JRE version: OpenJDK Runtime Environment (8.0_242-b01) (build 1.8.0_242-release-1644-b01)
# Java VM: OpenJDK 64-Bit Server VM (25.242-b01 mixed mode windows-amd64 compressed oops)
Heap:
 PSYoungGen      total 261632K, used 83807K [0x00000000d5580000, 0x00000000e7900000, 0x0000000100000000)
  eden space 241152K, 26% used [0x00000000d5580000,0x00000000d935ea88,0x00000000e4100000)
  from space 20480K, 99% used [0x00000000e5c80000,0x00000000e70791a8,0x00000000e7080000)
  to   space 28160K, 0% used [0x00000000e4100000,0x00000000e4100000,0x00000000e5c80000)
 ParOldGen       total 204800K, used 43842K [0x0000000080000000, 0x000000008c800000, 0x00000000d5580000)
  object space 204800K, 21% used [0x0000000080000000,0x0000000082ad0948,0x000000008c800000)
 Metaspace       used 77731K, capacity 82464K, committed 82584K, reserved 1120256K
  class space    used 10760K, capacity 11604K, committed 11696K, reserved 1048576K
GC Heap History (10 events):
Event: 6.194 GC heap before
{Heap before GC invocations=11 (full 2):
 PSYoungGen      total 168960K, used 168942K [0x00000000d5580000, 0x00000000e1a80000, 0x0000000100000000)
  eden space 156672K, 100% used [0x00000000d5580000,0x00000000dee80000,0x00000000dee80000)
  from space 12288K, 99% used [0x00000000e0e80000,0x00000000e1a7ba00,0x00000000e1a80000)
  to   space 13312K, 0% used [0x00000000e0080000,0x00000000e0080000,0x00000000e0d80000)
 ParOldGen       total 143872K, used 16104K [0x0000000080000000, 0x0000000088c80000, 0x00000000d5580000)
  object space 143872K, 11% used [0x0000000080000000,0x0000000080fba0f0,0x0000000088c80000)
 Metaspace       used 56472K, capacity 58498K, committed 58544K, reserved 1099776K
  class space    used 7645K, capacity 8105K, committed 8112K, reserved 1048576K
Event: 6.214 GC heap after
Heap after GC invocations=11 (full 2):
 PSYoungGen      total 188416K, used 13308K [0x00000000d5580000, 0x00000000e3d80000, 0x0000000100000000)
  eden space 175104K, 0% used [0x00000000d5580000,0x00000000d5580000,0x00000000e0080000)
  from space 13312K, 99% used [0x00000000e0080000,0x00000000e0d7f320,0x00000000e0d80000)
  to   space 19456K, 0% used [0x00000000e2a80000,0x00000000e2a80000,0x00000000e3d80000)
 ParOldGen       total 143872K, used 28422K [0x0000000080000000, 0x0000000088c80000, 0x00000000d5580000)
  object space 143872K, 19% used [0x0000000080000000,0x0000000081bc1b80,0x0000000088c80000)
 Metaspace       used 56472K, capacity 58498K, committed 58544K, reserved 1099776K
  class space    used 7645K, capacity 8105K, committed 8112K, reserved 1048576K
}
Event: 6.313 GC heap before
{Heap before GC invocations=12 (full 2):
 PSYoungGen      total 188416K, used 26352K [0x00000000d5580000, 0x00000000e3d80000, 0x0000000100000000)
  eden space 175104K, 7% used [0x00000000d5580000,0x00000000d623cfe8,0x00000000e0080000)
  from space 13312K, 99% used [0x00000000e0080000,0x00000000e0d7f320,0x00000000e0d80000)
  to   space 19456K, 0% used [0x00000000e2a80000,0x00000000e2a80000,0x00000000e3d80000)
 ParOldGen       total 143872K, used 28422K [0x0000000080000000, 0x0000000088c80000, 0x00000000d5580000)
  object space 143872K, 19% used [0x0000000080000000,0x0000000081bc1b80,0x0000000088c80000)
 Metaspace       used 57033K, capacity 59094K, committed 59160K, reserved 1099776K
  class space    used 7726K, capacity 8183K, committed 8240K, reserved 1048576K
Event: 6.322 GC heap after
Heap after GC invocations=12 (full 2):
 PSYoungGen      total 218624K, used 9060K [0x00000000d5580000, 0x00000000e6480000, 0x0000000100000000)
  eden space 199168K, 0% used [0x00000000d5580000,0x00000000d5580000,0x00000000e1800000)
  from space 19456K, 46% used [0x00000000e2a80000,0x00000000e33592e0,0x00000000e3d80000)
  to   space 18944K, 0% used [0x00000000e1800000,0x00000000e1800000,0x00000000e2a80000)
 ParOldGen       total 143872K, used 33694K [0x0000000080000000, 0x0000000088c80000, 0x00000000d5580000)
  object space 143872K, 23% used [0x0000000080000000,0x00000000820e7ad0,0x0000000088c80000)
 Metaspace       used 57033K, capacity 59094K, committed 59160K, reserved 1099776K
  class space    used 7726K, capacity 8183K, committed 8240K, reserved 1048576K
}
Event: 6.322 GC heap before
{Heap before GC invocations=13 (full 3):
 PSYoungGen      total 218624K, used 9060K [0x00000000d5580000, 0x00000000e6480000, 0x0000000100000000)
  eden space 199168K, 0% used [0x00000000d5580000,0x00000000d5580000,0x00000000e1800000)
  from space 19456K, 46% used [0x00000000e2a80000,0x00000000e33592e0,0x00000000e3d80000)
  to   space 18944K, 0% used [0x00000000e1800000,0x00000000e1800000,0x00000000e2a80000)
 ParOldGen       total 143872K, used 33694K [0x0000000080000000, 0x0000000088c80000, 0x00000000d5580000)
  object space 143872K, 23% used [0x0000000080000000,0x00000000820e7ad0,0x0000000088c80000)
 Metaspace       used 57033K, capacity 59094K, committed 59160K, reserved 1099776K
  class space    used 7726K, capacity 8183K, committed 8240K, reserved 1048576K
Event: 6.518 GC heap after
Heap after GC invocations=13 (full 3):
 PSYoungGen      total 218624K, used 0K [0x00000000d5580000, 0x00000000e6480000, 0x0000000100000000)
  eden space 199168K, 0% used [0x00000000d5580000,0x00000000d5580000,0x00000000e1800000)
  from space 19456K, 0% used [0x00000000e2a80000,0x00000000e2a80000,0x00000000e3d80000)
  to   space 18944K, 0% used [0x00000000e1800000,0x00000000e1800000,0x00000000e2a80000)
 ParOldGen       total 204800K, used 30242K [0x0000000080000000, 0x000000008c800000, 0x00000000d5580000)
  object space 204800K, 14% used [0x0000000080000000,0x0000000081d88968,0x000000008c800000)
 Metaspace       used 56992K, capacity 58956K, committed 59160K, reserved 1099776K
  class space    used 7714K, capacity 8160K, committed 8240K, reserved 1048576K
}
Event: 7.903 GC heap before
{Heap before GC invocations=14 (full 3):
 PSYoungGen      total 218624K, used 199168K [0x00000000d5580000, 0x00000000e6480000, 0x0000000100000000)
  eden space 199168K, 100% used [0x00000000d5580000,0x00000000e1800000,0x00000000e1800000)
  from space 19456K, 0% used [0x00000000e2a80000,0x00000000e2a80000,0x00000000e3d80000)
  to   space 18944K, 0% used [0x00000000e1800000,0x00000000e1800000,0x00000000e2a80000)
 ParOldGen       total 204800K, used 30242K [0x0000000080000000, 0x000000008c800000, 0x00000000d5580000)
  object space 204800K, 14% used [0x0000000080000000,0x0000000081d88968,0x000000008c800000)
 Metaspace       used 64152K, capacity 68046K, committed 68248K, reserved 1107968K
  class space    used 8906K, capacity 9637K, committed 9648K, reserved 1048576K
Event: 7.915 GC heap after
Heap after GC invocations=14 (full 3):
 PSYoungGen      total 218112K, used 17320K [0x00000000d5580000, 0x00000000e7080000, 0x0000000100000000)
  eden space 199168K, 0% used [0x00000000d5580000,0x00000000d5580000,0x00000000e1800000)
  from space 18944K, 91% used [0x00000000e1800000,0x00000000e28ea150,0x00000000e2a80000)
  to   space 20480K, 0% used [0x00000000e5c80000,0x00000000e5c80000,0x00000000e7080000)
 ParOldGen       total 204800K, used 30250K [0x0000000080000000, 0x000000008c800000, 0x00000000d5580000)
  object space 204800K, 14% used [0x0000000080000000,0x0000000081d8a968,0x000000008c800000)
 Metaspace       used 64152K, capacity 68046K, committed 68248K, reserved 1107968K
  class space    used 8906K, capacity 9637K, committed 9648K, reserved 1048576K
}
Event: 14.707 GC heap before
{Heap before GC invocations=15 (full 3):
 PSYoungGen      total 218112K, used 216488K [0x00000000d5580000, 0x00000000e7080000, 0x0000000100000000)
  eden space 199168K, 100% used [0x00000000d5580000,0x00000000e1800000,0x00000000e1800000)
  from space 18944K, 91% used [0x00000000e1800000,0x00000000e28ea150,0x00000000e2a80000)
  to   space 20480K, 0% used [0x00000000e5c80000,0x00000000e5c80000,0x00000000e7080000)
 ParOldGen       total 204800K, used 30250K [0x0000000080000000, 0x000000008c800000, 0x00000000d5580000)
  object space 204800K, 14% used [0x0000000080000000,0x0000000081d8a968,0x000000008c800000)
 Metaspace       used 75926K, capacity 80254K, committed 80408K, reserved 1118208K
  class space    used 10505K, capacity 11269K, committed 11312K, reserved 1048576K
Event: 14.734 GC heap after
Heap after GC invocations=15 (full 3):
 PSYoungGen      total 261632K, used 20452K [0x00000000d5580000, 0x00000000e7900000, 0x0000000100000000)
  eden space 241152K, 0% used [0x00000000d5580000,0x00000000d5580000,0x00000000e4100000)
  from space 20480K, 99% used [0x00000000e5c80000,0x00000000e70791a8,0x00000000e7080000)
  to   space 28160K, 0% used [0x00000000e4100000,0x00000000e4100000,0x00000000e5c80000)
 ParOldGen       total 204800K, used 43842K [0x0000000080000000, 0x000000008c800000, 0x00000000d5580000)
  object space 204800K, 21% used [0x0000000080000000,0x0000000082ad0948,0x000000008c800000)
 Metaspace       used 75926K, capacity 80254K, committed 80408K, reserved 1118208K
  class space    used 10505K, capacity 11269K, committed 11312K, reserved 1048576K
}

