# JRE version: OpenJDK Runtime Environment (8.0_242-b01) (build 1.8.0_242-release-1644-b01)
# Java VM: OpenJDK 64-Bit Server VM (25.242-b01 mixed mode windows-amd64 compressed oops)
Heap:
 PSYoungGen      total 217600K, used 97587K [0x00000000d5580000, 0x00000000e4500000, 0x0000000100000000)
  eden space 194048K, 38% used [0x00000000d5580000,0x00000000d9dd2ae0,0x00000000e1300000)
  from space 23552K, 99% used [0x00000000e1300000,0x00000000e29fa278,0x00000000e2a00000)
  to   space 19968K, 0% used [0x00000000e2a00000,0x00000000e2a00000,0x00000000e3d80000)
 ParOldGen       total 247808K, used 50407K [0x0000000080000000, 0x000000008f200000, 0x00000000d5580000)
  object space 247808K, 20% used [0x0000000080000000,0x0000000083139e28,0x000000008f200000)
 Metaspace       used 82748K, capacity 87760K, committed 87896K, reserved 1124352K
  class space    used 11144K, capacity 12084K, committed 12160K, reserved 1048576K
GC Heap History (10 events):
Event: 6.596 GC heap before
{Heap before GC invocations=12 (full 2):
 PSYoungGen      total 163328K, used 69309K [0x00000000d5580000, 0x00000000e2000000, 0x0000000100000000)
  eden space 151040K, 37% used [0x00000000d5580000,0x00000000d8d340f8,0x00000000de900000)
  from space 12288K, 99% used [0x00000000de900000,0x00000000df4fb330,0x00000000df500000)
  to   space 16896K, 0% used [0x00000000e0f80000,0x00000000e0f80000,0x00000000e2000000)
 ParOldGen       total 164352K, used 26799K [0x0000000080000000, 0x000000008a080000, 0x00000000d5580000)
  object space 164352K, 16% used [0x0000000080000000,0x0000000081a2bea8,0x000000008a080000)
 Metaspace       used 56731K, capacity 59004K, committed 59096K, reserved 1099776K
  class space    used 7693K, capacity 8159K, committed 8192K, reserved 1048576K
Event: 6.609 GC heap after
Heap after GC invocations=12 (full 2):
 PSYoungGen      total 187904K, used 16869K [0x00000000d5580000, 0x00000000e3600000, 0x0000000100000000)
  eden space 171008K, 0% used [0x00000000d5580000,0x00000000d5580000,0x00000000dfc80000)
  from space 16896K, 99% used [0x00000000e0f80000,0x00000000e1ff9618,0x00000000e2000000)
  to   space 19456K, 0% used [0x00000000dfc80000,0x00000000dfc80000,0x00000000e0f80000)
 ParOldGen       total 164352K, used 29131K [0x0000000080000000, 0x000000008a080000, 0x00000000d5580000)
  object space 164352K, 17% used [0x0000000080000000,0x0000000081c72fb0,0x000000008a080000)
 Metaspace       used 56731K, capacity 59004K, committed 59096K, reserved 1099776K
  class space    used 7693K, capacity 8159K, committed 8192K, reserved 1048576K
}
Event: 6.609 GC heap before
{Heap before GC invocations=13 (full 3):
 PSYoungGen      total 187904K, used 16869K [0x00000000d5580000, 0x00000000e3600000, 0x0000000100000000)
  eden space 171008K, 0% used [0x00000000d5580000,0x00000000d5580000,0x00000000dfc80000)
  from space 16896K, 99% used [0x00000000e0f80000,0x00000000e1ff9618,0x00000000e2000000)
  to   space 19456K, 0% used [0x00000000dfc80000,0x00000000dfc80000,0x00000000e0f80000)
 ParOldGen       total 164352K, used 29131K [0x0000000080000000, 0x000000008a080000, 0x00000000d5580000)
  object space 164352K, 17% used [0x0000000080000000,0x0000000081c72fb0,0x000000008a080000)
 Metaspace       used 56731K, capacity 59004K, committed 59096K, reserved 1099776K
  class space    used 7693K, capacity 8159K, committed 8192K, reserved 1048576K
Event: 6.820 GC heap after
Heap after GC invocations=13 (full 3):
 PSYoungGen      total 187904K, used 0K [0x00000000d5580000, 0x00000000e3600000, 0x0000000100000000)
  eden space 171008K, 0% used [0x00000000d5580000,0x00000000d5580000,0x00000000dfc80000)
  from space 16896K, 0% used [0x00000000e0f80000,0x00000000e0f80000,0x00000000e2000000)
  to   space 19456K, 0% used [0x00000000dfc80000,0x00000000dfc80000,0x00000000e0f80000)
 ParOldGen       total 247808K, used 34519K [0x0000000080000000, 0x000000008f200000, 0x00000000d5580000)
  object space 247808K, 13% used [0x0000000080000000,0x00000000821b5c20,0x000000008f200000)
 Metaspace       used 56676K, capacity 58818K, committed 59096K, reserved 1099776K
  class space    used 7676K, capacity 8128K, committed 8192K, reserved 1048576K
}
Event: 8.220 GC heap before
{Heap before GC invocations=14 (full 3):
 PSYoungGen      total 187904K, used 171008K [0x00000000d5580000, 0x00000000e3600000, 0x0000000100000000)
  eden space 171008K, 100% used [0x00000000d5580000,0x00000000dfc80000,0x00000000dfc80000)
  from space 16896K, 0% used [0x00000000e0f80000,0x00000000e0f80000,0x00000000e2000000)
  to   space 19456K, 0% used [0x00000000dfc80000,0x00000000dfc80000,0x00000000e0f80000)
 ParOldGen       total 247808K, used 34519K [0x0000000080000000, 0x000000008f200000, 0x00000000d5580000)
  object space 247808K, 13% used [0x0000000080000000,0x00000000821b5c20,0x000000008f200000)
 Metaspace       used 64774K, capacity 67342K, committed 67544K, reserved 1107968K
  class space    used 8862K, capacity 9381K, committed 9472K, reserved 1048576K
Event: 8.230 GC heap after
Heap after GC invocations=14 (full 3):
 PSYoungGen      total 190464K, used 14075K [0x00000000d5580000, 0x00000000e3d80000, 0x0000000100000000)
  eden space 171008K, 0% used [0x00000000d5580000,0x00000000d5580000,0x00000000dfc80000)
  from space 19456K, 72% used [0x00000000dfc80000,0x00000000e0a3ed90,0x00000000e0f80000)
  to   space 19968K, 0% used [0x00000000e2a00000,0x00000000e2a00000,0x00000000e3d80000)
 ParOldGen       total 247808K, used 34527K [0x0000000080000000, 0x000000008f200000, 0x00000000d5580000)
  object space 247808K, 13% used [0x0000000080000000,0x00000000821b7c20,0x000000008f200000)
 Metaspace       used 64774K, capacity 67342K, committed 67544K, reserved 1107968K
  class space    used 8862K, capacity 9381K, committed 9472K, reserved 1048576K
}
Event: 9.356 GC heap before
{Heap before GC invocations=15 (full 3):
 PSYoungGen      total 190464K, used 185083K [0x00000000d5580000, 0x00000000e3d80000, 0x0000000100000000)
  eden space 171008K, 100% used [0x00000000d5580000,0x00000000dfc80000,0x00000000dfc80000)
  from space 19456K, 72% used [0x00000000dfc80000,0x00000000e0a3ed90,0x00000000e0f80000)
  to   space 19968K, 0% used [0x00000000e2a00000,0x00000000e2a00000,0x00000000e3d80000)
 ParOldGen       total 247808K, used 34527K [0x0000000080000000, 0x000000008f200000, 0x00000000d5580000)
  object space 247808K, 13% used [0x0000000080000000,0x00000000821b7c20,0x000000008f200000)
 Metaspace       used 73287K, capacity 77370K, committed 77656K, reserved 1116160K
  class space    used 10107K, capacity 10821K, committed 10880K, reserved 1048576K
Event: 9.373 GC heap after
Heap after GC invocations=15 (full 3):
 PSYoungGen      total 214016K, used 19952K [0x00000000d5580000, 0x00000000e4500000, 0x0000000100000000)
  eden space 194048K, 0% used [0x00000000d5580000,0x00000000d5580000,0x00000000e1300000)
  from space 19968K, 99% used [0x00000000e2a00000,0x00000000e3d7c170,0x00000000e3d80000)
  to   space 23552K, 0% used [0x00000000e1300000,0x00000000e1300000,0x00000000e2a00000)
 ParOldGen       total 247808K, used 38101K [0x0000000080000000, 0x000000008f200000, 0x00000000d5580000)
  object space 247808K, 15% used [0x0000000080000000,0x00000000825356a0,0x000000008f200000)
 Metaspace       used 73287K, capacity 77370K, committed 77656K, reserved 1116160K
  class space    used 10107K, capacity 10821K, committed 10880K, reserved 1048576K
}
Event: 19.849 GC heap before
{Heap before GC invocations=16 (full 3):
 PSYoungGen      total 214016K, used 214000K [0x00000000d5580000, 0x00000000e4500000, 0x0000000100000000)
  eden space 194048K, 100% used [0x00000000d5580000,0x00000000e1300000,0x00000000e1300000)
  from space 19968K, 99% used [0x00000000e2a00000,0x00000000e3d7c170,0x00000000e3d80000)
  to   space 23552K, 0% used [0x00000000e1300000,0x00000000e1300000,0x00000000e2a00000)
 ParOldGen       total 247808K, used 38101K [0x0000000080000000, 0x000000008f200000, 0x00000000d5580000)
  object space 247808K, 15% used [0x0000000080000000,0x00000000825356a0,0x000000008f200000)
 Metaspace       used 81858K, capacity 86584K, committed 86616K, reserved 1124352K
  class space    used 11016K, capacity 11892K, committed 11904K, reserved 1048576K
Event: 19.874 GC heap after
Heap after GC invocations=16 (full 3):
 PSYoungGen      total 217600K, used 23528K [0x00000000d5580000, 0x00000000e4500000, 0x0000000100000000)
  eden space 194048K, 0% used [0x00000000d5580000,0x00000000d5580000,0x00000000e1300000)
  from space 23552K, 99% used [0x00000000e1300000,0x00000000e29fa278,0x00000000e2a00000)
  to   space 19968K, 0% used [0x00000000e2a00000,0x00000000e2a00000,0x00000000e3d80000)
 ParOldGen       total 247808K, used 50407K [0x0000000080000000, 0x000000008f200000, 0x00000000d5580000)
  object space 247808K, 20% used [0x0000000080000000,0x0000000083139e28,0x000000008f200000)
 Metaspace       used 81858K, capacity 86584K, committed 86616K, reserved 1124352K
  class space    used 11016K, capacity 11892K, committed 11904K, reserved 1048576K
}

