# JRE version: OpenJDK Runtime Environment (8.0_242-b01) (build 1.8.0_242-release-1644-b01)
# Java VM: OpenJDK 64-Bit Server VM (25.242-b01 mixed mode windows-amd64 compressed oops)
Heap:
 PSYoungGen      total 265728K, used 73325K [0x00000000d5580000, 0x00000000e7500000, 0x0000000100000000)
  eden space 253440K, 24% used [0x00000000d5580000,0x00000000d912f498,0x00000000e4d00000)
  from space 12288K, 99% used [0x00000000e6900000,0x00000000e74ec1b8,0x00000000e7500000)
  to   space 20480K, 0% used [0x00000000e4d00000,0x00000000e4d00000,0x00000000e6100000)
 ParOldGen       total 197120K, used 43438K [0x0000000080000000, 0x000000008c080000, 0x00000000d5580000)
  object space 197120K, 22% used [0x0000000080000000,0x0000000082a6b9b0,0x000000008c080000)
 Metaspace       used 74608K, capacity 78924K, committed 79256K, reserved 1118208K
  class space    used 10251K, capacity 11065K, committed 11184K, reserved 1048576K
GC Heap History (10 events):
Event: 7.492 GC heap before
{Heap before GC invocations=11 (full 2):
 PSYoungGen      total 171008K, used 170985K [0x00000000d5580000, 0x00000000e1a00000, 0x0000000100000000)
  eden space 159232K, 100% used [0x00000000d5580000,0x00000000df100000,0x00000000df100000)
  from space 11776K, 99% used [0x00000000e0e80000,0x00000000e19fa508,0x00000000e1a00000)
  to   space 13312K, 0% used [0x00000000e0000000,0x00000000e0000000,0x00000000e0d00000)
 ParOldGen       total 141312K, used 16674K [0x0000000080000000, 0x0000000088a00000, 0x00000000d5580000)
  object space 141312K, 11% used [0x0000000080000000,0x0000000081048840,0x0000000088a00000)
 Metaspace       used 56569K, capacity 58698K, committed 58928K, reserved 1099776K
  class space    used 7655K, capacity 8141K, committed 8240K, reserved 1048576K
Event: 7.509 GC heap after
Heap after GC invocations=11 (full 2):
 PSYoungGen      total 187904K, used 13280K [0x00000000d5580000, 0x00000000e4180000, 0x0000000100000000)
  eden space 174592K, 0% used [0x00000000d5580000,0x00000000d5580000,0x00000000e0000000)
  from space 13312K, 99% used [0x00000000e0000000,0x00000000e0cf8050,0x00000000e0d00000)
  to   space 19456K, 0% used [0x00000000e2e80000,0x00000000e2e80000,0x00000000e4180000)
 ParOldGen       total 141312K, used 29154K [0x0000000080000000, 0x0000000088a00000, 0x00000000d5580000)
  object space 141312K, 20% used [0x0000000080000000,0x0000000081c78af8,0x0000000088a00000)
 Metaspace       used 56569K, capacity 58698K, committed 58928K, reserved 1099776K
  class space    used 7655K, capacity 8141K, committed 8240K, reserved 1048576K
}
Event: 7.587 GC heap before
{Heap before GC invocations=12 (full 2):
 PSYoungGen      total 187904K, used 23219K [0x00000000d5580000, 0x00000000e4180000, 0x0000000100000000)
  eden space 174592K, 5% used [0x00000000d5580000,0x00000000d5f34c58,0x00000000e0000000)
  from space 13312K, 99% used [0x00000000e0000000,0x00000000e0cf8050,0x00000000e0d00000)
  to   space 19456K, 0% used [0x00000000e2e80000,0x00000000e2e80000,0x00000000e4180000)
 ParOldGen       total 141312K, used 29154K [0x0000000080000000, 0x0000000088a00000, 0x00000000d5580000)
  object space 141312K, 20% used [0x0000000080000000,0x0000000081c78af8,0x0000000088a00000)
 Metaspace       used 57013K, capacity 59104K, committed 59160K, reserved 1099776K
  class space    used 7717K, capacity 8184K, committed 8240K, reserved 1048576K
Event: 7.596 GC heap after
Heap after GC invocations=12 (full 2):
 PSYoungGen      total 222720K, used 9024K [0x00000000d5580000, 0x00000000e6980000, 0x0000000100000000)
  eden space 203264K, 0% used [0x00000000d5580000,0x00000000d5580000,0x00000000e1c00000)
  from space 19456K, 46% used [0x00000000e2e80000,0x00000000e3750020,0x00000000e4180000)
  to   space 18944K, 0% used [0x00000000e1c00000,0x00000000e1c00000,0x00000000e2e80000)
 ParOldGen       total 141312K, used 34289K [0x0000000080000000, 0x0000000088a00000, 0x00000000d5580000)
  object space 141312K, 24% used [0x0000000080000000,0x000000008217c470,0x0000000088a00000)
 Metaspace       used 57013K, capacity 59104K, committed 59160K, reserved 1099776K
  class space    used 7717K, capacity 8184K, committed 8240K, reserved 1048576K
}
Event: 7.596 GC heap before
{Heap before GC invocations=13 (full 3):
 PSYoungGen      total 222720K, used 9024K [0x00000000d5580000, 0x00000000e6980000, 0x0000000100000000)
  eden space 203264K, 0% used [0x00000000d5580000,0x00000000d5580000,0x00000000e1c00000)
  from space 19456K, 46% used [0x00000000e2e80000,0x00000000e3750020,0x00000000e4180000)
  to   space 18944K, 0% used [0x00000000e1c00000,0x00000000e1c00000,0x00000000e2e80000)
 ParOldGen       total 141312K, used 34289K [0x0000000080000000, 0x0000000088a00000, 0x00000000d5580000)
  object space 141312K, 24% used [0x0000000080000000,0x000000008217c470,0x0000000088a00000)
 Metaspace       used 57013K, capacity 59104K, committed 59160K, reserved 1099776K
  class space    used 7717K, capacity 8184K, committed 8240K, reserved 1048576K
Event: 7.802 GC heap after
Heap after GC invocations=13 (full 3):
 PSYoungGen      total 222720K, used 0K [0x00000000d5580000, 0x00000000e6980000, 0x0000000100000000)
  eden space 203264K, 0% used [0x00000000d5580000,0x00000000d5580000,0x00000000e1c00000)
  from space 19456K, 0% used [0x00000000e2e80000,0x00000000e2e80000,0x00000000e4180000)
  to   space 18944K, 0% used [0x00000000e1c00000,0x00000000e1c00000,0x00000000e2e80000)
 ParOldGen       total 197120K, used 30156K [0x0000000080000000, 0x000000008c080000, 0x00000000d5580000)
  object space 197120K, 15% used [0x0000000080000000,0x0000000081d73010,0x000000008c080000)
 Metaspace       used 56965K, capacity 58942K, committed 59160K, reserved 1099776K
  class space    used 7702K, capacity 8157K, committed 8240K, reserved 1048576K
}
Event: 9.386 GC heap before
{Heap before GC invocations=14 (full 3):
 PSYoungGen      total 222720K, used 203264K [0x00000000d5580000, 0x00000000e6980000, 0x0000000100000000)
  eden space 203264K, 100% used [0x00000000d5580000,0x00000000e1c00000,0x00000000e1c00000)
  from space 19456K, 0% used [0x00000000e2e80000,0x00000000e2e80000,0x00000000e4180000)
  to   space 18944K, 0% used [0x00000000e1c00000,0x00000000e1c00000,0x00000000e2e80000)
 ParOldGen       total 197120K, used 30156K [0x0000000080000000, 0x000000008c080000, 0x00000000d5580000)
  object space 197120K, 15% used [0x0000000080000000,0x0000000081d73010,0x000000008c080000)
 Metaspace       used 64503K, capacity 68374K, committed 68632K, reserved 1107968K
  class space    used 8946K, capacity 9663K, committed 9776K, reserved 1048576K
Event: 9.397 GC heap after
Heap after GC invocations=14 (full 3):
 PSYoungGen      total 222208K, used 18929K [0x00000000d5580000, 0x00000000e7e00000, 0x0000000100000000)
  eden space 203264K, 0% used [0x00000000d5580000,0x00000000d5580000,0x00000000e1c00000)
  from space 18944K, 99% used [0x00000000e1c00000,0x00000000e2e7c650,0x00000000e2e80000)
  to   space 21504K, 0% used [0x00000000e6900000,0x00000000e6900000,0x00000000e7e00000)
 ParOldGen       total 197120K, used 31018K [0x0000000080000000, 0x000000008c080000, 0x00000000d5580000)
  object space 197120K, 15% used [0x0000000080000000,0x0000000081e4abf0,0x000000008c080000)
 Metaspace       used 64503K, capacity 68374K, committed 68632K, reserved 1107968K
  class space    used 8946K, capacity 9663K, committed 9776K, reserved 1048576K
}
Event: 12.651 GC heap before
{Heap before GC invocations=15 (full 3):
 PSYoungGen      total 222208K, used 222193K [0x00000000d5580000, 0x00000000e7e00000, 0x0000000100000000)
  eden space 203264K, 100% used [0x00000000d5580000,0x00000000e1c00000,0x00000000e1c00000)
  from space 18944K, 99% used [0x00000000e1c00000,0x00000000e2e7c650,0x00000000e2e80000)
  to   space 21504K, 0% used [0x00000000e6900000,0x00000000e6900000,0x00000000e7e00000)
 ParOldGen       total 197120K, used 31018K [0x0000000080000000, 0x000000008c080000, 0x00000000d5580000)
  object space 197120K, 15% used [0x0000000080000000,0x0000000081e4abf0,0x000000008c080000)
 Metaspace       used 71363K, capacity 75586K, committed 75928K, reserved 1114112K
  class space    used 9784K, capacity 10585K, committed 10672K, reserved 1048576K
Event: 12.663 GC heap after
Heap after GC invocations=15 (full 3):
 PSYoungGen      total 265728K, used 12208K [0x00000000d5580000, 0x00000000e7500000, 0x0000000100000000)
  eden space 253440K, 0% used [0x00000000d5580000,0x00000000d5580000,0x00000000e4d00000)
  from space 12288K, 99% used [0x00000000e6900000,0x00000000e74ec1b8,0x00000000e7500000)
  to   space 20480K, 0% used [0x00000000e4d00000,0x00000000e4d00000,0x00000000e6100000)
 ParOldGen       total 197120K, used 43438K [0x0000000080000000, 0x000000008c080000, 0x00000000d5580000)
  object space 197120K, 22% used [0x0000000080000000,0x0000000082a6b9b0,0x000000008c080000)
 Metaspace       used 71363K, capacity 75586K, committed 75928K, reserved 1114112K
  class space    used 9784K, capacity 10585K, committed 10672K, reserved 1048576K
}

